0 info it worked if it ends with ok
1 verbose cli [ '/Users/danielkwon/.nvm/versions/node/v6.10.1/bin/node',
1 verbose cli   '/Users/danielkwon/.nvm/versions/node/v6.10.1/bin/npm',
1 verbose cli   'run',
1 verbose cli   'start' ]
2 info using npm@3.10.10
3 info using node@v6.10.1
4 verbose stack Error: Failed to parse json
4 verbose stack Unexpected token 's' at 10:6
4 verbose stack     "start": "nodemon --inspect server/server.js"
4 verbose stack      ^
4 verbose stack     at parseError (/Users/danielkwon/.nvm/versions/node/v6.10.1/lib/node_modules/npm/node_modules/read-package-json/read-json.js:390:11)
4 verbose stack     at parseJson (/Users/danielkwon/.nvm/versions/node/v6.10.1/lib/node_modules/npm/node_modules/read-package-json/read-json.js:79:23)
4 verbose stack     at /Users/danielkwon/.nvm/versions/node/v6.10.1/lib/node_modules/npm/node_modules/read-package-json/read-json.js:48:5
4 verbose stack     at /Users/danielkwon/.nvm/versions/node/v6.10.1/lib/node_modules/npm/node_modules/graceful-fs/graceful-fs.js:78:16
4 verbose stack     at tryToString (fs.js:456:3)
4 verbose stack     at FSReqWrap.readFileAfterClose [as oncomplete] (fs.js:443:12)
5 verbose cwd /Users/danielkwon/Desktop/SNORLAX27
6 error Darwin 16.7.0
7 error argv "/Users/danielkwon/.nvm/versions/node/v6.10.1/bin/node" "/Users/danielkwon/.nvm/versions/node/v6.10.1/bin/npm" "run" "start"
8 error node v6.10.1
9 error npm  v3.10.10
10 error file /Users/danielkwon/Desktop/SNORLAX27/package.json
11 error code EJSONPARSE
12 error Failed to parse json
12 error Unexpected token 's' at 10:6
12 error     "start": "nodemon --inspect server/server.js"
12 error      ^
13 error File: /Users/danielkwon/Desktop/SNORLAX27/package.json
14 error Failed to parse package.json data.
14 error package.json must be actual JSON, not just JavaScript.
14 error
14 error This is not a bug in npm.
14 error Tell the package author to fix their package.json file. JSON.parse
15 verbose exit [ 1, true ]
